2023-01-07T10:08:21.995560+09:00 0 [Warning] [MY-011068] [Server] The syntax '--skip-host-cache' is deprecated and will be removed in a future release. Please use SET GLOBAL host_cache_size=0 instead.
2023-01-07T10:08:21.995651+09:00 0 [Warning] [MY-010918] [Server] 'default_authentication_plugin' is deprecated and will be removed in a future release. Please use authentication_policy instead.
2023-01-07T10:08:21.995673+09:00 0 [System] [MY-013169] [Server] /usr/sbin/mysqld (mysqld 8.0.31) initializing of server in progress as process 80
2023-01-07T10:08:22.024655+09:00 1 [System] [MY-013576] [InnoDB] InnoDB initialization has started.
2023-01-07T10:08:23.680438+09:00 1 [System] [MY-013577] [InnoDB] InnoDB initialization has ended.
2023-01-07T10:08:34.680223+09:00 6 [Warning] [MY-010453] [Server] root@localhost is created with an empty password ! Please consider switching off the --initialize-insecure option.
2023-01-07T10:09:13.493551+09:00 0 [Warning] [MY-011068] [Server] The syntax '--skip-host-cache' is deprecated and will be removed in a future release. Please use SET GLOBAL host_cache_size=0 instead.
2023-01-07T10:09:13.497713+09:00 0 [Warning] [MY-010918] [Server] 'default_authentication_plugin' is deprecated and will be removed in a future release. Please use authentication_policy instead.
2023-01-07T10:09:13.497742+09:00 0 [System] [MY-010116] [Server] /usr/sbin/mysqld (mysqld 8.0.31) starting as process 131
2023-01-07T10:09:13.557500+09:00 1 [System] [MY-013576] [InnoDB] InnoDB initialization has started.
2023-01-07T10:09:14.090257+09:00 1 [System] [MY-013577] [InnoDB] InnoDB initialization has ended.
2023-01-07T10:09:14.519364+09:00 0 [Warning] [MY-010068] [Server] CA certificate ca.pem is self signed.
2023-01-07T10:09:14.523165+09:00 0 [System] [MY-013602] [Server] Channel mysql_main configured to support TLS. Encrypted connections are now supported for this channel.
2023-01-07T10:09:14.562321+09:00 0 [Warning] [MY-011810] [Server] Insecure configuration for --pid-file: Location '/var/run/mysqld' in the path is accessible to all OS users. Consider choosing a different directory.
2023-01-07T10:09:14.626678+09:00 0 [System] [MY-011323] [Server] X Plugin ready for connections. Socket: /var/run/mysqld/mysqlx.sock
2023-01-07T10:09:14.627224+09:00 0 [System] [MY-010931] [Server] /usr/sbin/mysqld: ready for connections. Version: '8.0.31'  socket: '/var/run/mysqld/mysqld.sock'  port: 0  MySQL Community Server - GPL.
2023-01-07T10:09:39.511294+09:00 13 [System] [MY-013172] [Server] Received SHUTDOWN from user root. Shutting down mysqld (Version: 8.0.31).
2023-01-07T10:09:41.046453+09:00 0 [System] [MY-010910] [Server] /usr/sbin/mysqld: Shutdown complete (mysqld 8.0.31)  MySQL Community Server - GPL.
2023-01-07T10:09:41.800792+09:00 0 [Warning] [MY-011068] [Server] The syntax '--skip-host-cache' is deprecated and will be removed in a future release. Please use SET GLOBAL host_cache_size=0 instead.
2023-01-07T10:09:41.802585+09:00 0 [Warning] [MY-010918] [Server] 'default_authentication_plugin' is deprecated and will be removed in a future release. Please use authentication_policy instead.
2023-01-07T10:09:41.802609+09:00 0 [System] [MY-010116] [Server] /usr/sbin/mysqld (mysqld 8.0.31) starting as process 1
2023-01-07T10:09:41.827326+09:00 1 [System] [MY-013576] [InnoDB] InnoDB initialization has started.
2023-01-07T10:09:41.984268+09:00 1 [System] [MY-013577] [InnoDB] InnoDB initialization has ended.
2023-01-07T10:09:42.202709+09:00 0 [Warning] [MY-010068] [Server] CA certificate ca.pem is self signed.
2023-01-07T10:09:42.203935+09:00 0 [System] [MY-013602] [Server] Channel mysql_main configured to support TLS. Encrypted connections are now supported for this channel.
2023-01-07T10:09:42.208576+09:00 0 [Warning] [MY-011810] [Server] Insecure configuration for --pid-file: Location '/var/run/mysqld' in the path is accessible to all OS users. Consider choosing a different directory.
2023-01-07T10:09:42.230738+09:00 0 [System] [MY-011323] [Server] X Plugin ready for connections. Bind-address: '::' port: 33060, socket: /var/run/mysqld/mysqlx.sock
2023-01-07T10:09:42.230893+09:00 0 [System] [MY-010931] [Server] /usr/sbin/mysqld: ready for connections. Version: '8.0.31'  socket: '/var/run/mysqld/mysqld.sock'  port: 3306  MySQL Community Server - GPL.
2023-01-07T11:50:23.004053+09:00 0 [System] [MY-013172] [Server] Received SHUTDOWN from user <via user signal>. Shutting down mysqld (Version: 8.0.31).
2023-01-07T11:50:24.752652+09:00 0 [System] [MY-010910] [Server] /usr/sbin/mysqld: Shutdown complete (mysqld 8.0.31)  MySQL Community Server - GPL.
2023-01-07T11:50:32.870142+09:00 0 [Warning] [MY-011068] [Server] The syntax '--skip-host-cache' is deprecated and will be removed in a future release. Please use SET GLOBAL host_cache_size=0 instead.
2023-01-07T11:50:32.872035+09:00 0 [Warning] [MY-010918] [Server] 'default_authentication_plugin' is deprecated and will be removed in a future release. Please use authentication_policy instead.
2023-01-07T11:50:32.872058+09:00 0 [System] [MY-010116] [Server] /usr/sbin/mysqld (mysqld 8.0.31) starting as process 1
2023-01-07T11:50:32.895063+09:00 1 [System] [MY-013576] [InnoDB] InnoDB initialization has started.
2023-01-07T11:50:33.090803+09:00 1 [System] [MY-013577] [InnoDB] InnoDB initialization has ended.
2023-01-07T11:50:33.375142+09:00 0 [Warning] [MY-010068] [Server] CA certificate ca.pem is self signed.
2023-01-07T11:50:33.376628+09:00 0 [System] [MY-013602] [Server] Channel mysql_main configured to support TLS. Encrypted connections are now supported for this channel.
2023-01-07T11:50:33.383035+09:00 0 [Warning] [MY-011810] [Server] Insecure configuration for --pid-file: Location '/var/run/mysqld' in the path is accessible to all OS users. Consider choosing a different directory.
2023-01-07T11:50:33.435403+09:00 0 [System] [MY-011323] [Server] X Plugin ready for connections. Bind-address: '::' port: 33060, socket: /var/run/mysqld/mysqlx.sock
2023-01-07T11:50:33.436228+09:00 0 [System] [MY-010931] [Server] /usr/sbin/mysqld: ready for connections. Version: '8.0.31'  socket: '/var/run/mysqld/mysqld.sock'  port: 3306  MySQL Community Server - GPL.
2023-01-07T11:57:42.054926+09:00 0 [System] [MY-013172] [Server] Received SHUTDOWN from user <via user signal>. Shutting down mysqld (Version: 8.0.31).
2023-01-07T11:57:42.999518+09:00 0 [System] [MY-010910] [Server] /usr/sbin/mysqld: Shutdown complete (mysqld 8.0.31)  MySQL Community Server - GPL.
2023-01-07T11:57:48.060458+09:00 0 [Warning] [MY-011068] [Server] The syntax '--skip-host-cache' is deprecated and will be removed in a future release. Please use SET GLOBAL host_cache_size=0 instead.
2023-01-07T11:57:48.062194+09:00 0 [Warning] [MY-010918] [Server] 'default_authentication_plugin' is deprecated and will be removed in a future release. Please use authentication_policy instead.
2023-01-07T11:57:48.062218+09:00 0 [System] [MY-010116] [Server] /usr/sbin/mysqld (mysqld 8.0.31) starting as process 1
2023-01-07T11:57:48.082474+09:00 1 [System] [MY-013576] [InnoDB] InnoDB initialization has started.
2023-01-07T11:57:48.294916+09:00 1 [System] [MY-013577] [InnoDB] InnoDB initialization has ended.
2023-01-07T11:57:48.658204+09:00 0 [Warning] [MY-010068] [Server] CA certificate ca.pem is self signed.
2023-01-07T11:57:48.659370+09:00 0 [System] [MY-013602] [Server] Channel mysql_main configured to support TLS. Encrypted connections are now supported for this channel.
2023-01-07T11:57:48.665667+09:00 0 [Warning] [MY-011810] [Server] Insecure configuration for --pid-file: Location '/var/run/mysqld' in the path is accessible to all OS users. Consider choosing a different directory.
2023-01-07T11:57:48.706041+09:00 0 [System] [MY-011323] [Server] X Plugin ready for connections. Bind-address: '::' port: 33060, socket: /var/run/mysqld/mysqlx.sock
2023-01-07T11:57:48.706437+09:00 0 [System] [MY-010931] [Server] /usr/sbin/mysqld: ready for connections. Version: '8.0.31'  socket: '/var/run/mysqld/mysqld.sock'  port: 3306  MySQL Community Server - GPL.
2023-01-07T11:59:39.273534+09:00 0 [System] [MY-013172] [Server] Received SHUTDOWN from user <via user signal>. Shutting down mysqld (Version: 8.0.31).
2023-01-07T11:59:40.065883+09:00 0 [System] [MY-010910] [Server] /usr/sbin/mysqld: Shutdown complete (mysqld 8.0.31)  MySQL Community Server - GPL.
2023-01-07T11:59:43.951504+09:00 0 [Warning] [MY-011068] [Server] The syntax '--skip-host-cache' is deprecated and will be removed in a future release. Please use SET GLOBAL host_cache_size=0 instead.
2023-01-07T11:59:43.953816+09:00 0 [Warning] [MY-010918] [Server] 'default_authentication_plugin' is deprecated and will be removed in a future release. Please use authentication_policy instead.
2023-01-07T11:59:43.953842+09:00 0 [System] [MY-010116] [Server] /usr/sbin/mysqld (mysqld 8.0.31) starting as process 1
2023-01-07T11:59:43.978740+09:00 1 [System] [MY-013576] [InnoDB] InnoDB initialization has started.
2023-01-07T11:59:44.349613+09:00 1 [System] [MY-013577] [InnoDB] InnoDB initialization has ended.
2023-01-07T11:59:44.731536+09:00 0 [Warning] [MY-010068] [Server] CA certificate ca.pem is self signed.
2023-01-07T11:59:44.732446+09:00 0 [System] [MY-013602] [Server] Channel mysql_main configured to support TLS. Encrypted connections are now supported for this channel.
2023-01-07T11:59:44.739828+09:00 0 [Warning] [MY-011810] [Server] Insecure configuration for --pid-file: Location '/var/run/mysqld' in the path is accessible to all OS users. Consider choosing a different directory.
2023-01-07T11:59:44.777511+09:00 0 [System] [MY-010931] [Server] /usr/sbin/mysqld: ready for connections. Version: '8.0.31'  socket: '/var/run/mysqld/mysqld.sock'  port: 3306  MySQL Community Server - GPL.
2023-01-07T11:59:44.777313+09:00 0 [System] [MY-011323] [Server] X Plugin ready for connections. Bind-address: '::' port: 33060, socket: /var/run/mysqld/mysqlx.sock
